2023/06/18 07:17:45 [notice] 1#1: using the "epoll" event method
2023/06/18 07:17:45 [notice] 1#1: nginx/1.20.2
2023/06/18 07:17:45 [notice] 1#1: built by gcc 10.2.1 20210110 (Debian 10.2.1-6) 
2023/06/18 07:17:45 [notice] 1#1: OS: Linux 5.15.49-linuxkit-pr
2023/06/18 07:17:45 [notice] 1#1: getrlimit(RLIMIT_NOFILE): 1048576:1048576
2023/06/18 07:17:45 [notice] 1#1: start worker processes
2023/06/18 07:17:45 [notice] 1#1: start worker process 31
2023/06/18 07:17:45 [notice] 1#1: start worker process 32
2023/06/18 07:18:00 [error] 31#31: *1 open() "/usr/share/nginx/html/favicon.ico" failed (2: No such file or directory), client: 172.20.0.1, server: localhost, request: "GET /favicon.ico HTTP/1.1", host: "localhost", referrer: "http://localhost/"
2023/06/18 07:19:21 [notice] 1#1: signal 3 (SIGQUIT) received, shutting down
2023/06/18 07:19:21 [notice] 32#32: gracefully shutting down
2023/06/18 07:19:21 [notice] 32#32: exiting
2023/06/18 07:19:21 [notice] 31#31: gracefully shutting down
2023/06/18 07:19:21 [notice] 31#31: exiting
2023/06/18 07:19:21 [notice] 32#32: exit
2023/06/18 07:19:21 [notice] 31#31: exit
2023/06/18 07:19:21 [notice] 1#1: signal 17 (SIGCHLD) received from 32
2023/06/18 07:19:21 [notice] 1#1: worker process 31 exited with code 0
2023/06/18 07:19:21 [notice] 1#1: worker process 32 exited with code 0
2023/06/18 07:19:21 [notice] 1#1: exit
2023/06/18 07:19:38 [notice] 1#1: using the "epoll" event method
2023/06/18 07:19:38 [notice] 1#1: nginx/1.20.2
2023/06/18 07:19:38 [notice] 1#1: built by gcc 10.2.1 20210110 (Debian 10.2.1-6) 
2023/06/18 07:19:38 [notice] 1#1: OS: Linux 5.15.49-linuxkit-pr
2023/06/18 07:19:38 [notice] 1#1: getrlimit(RLIMIT_NOFILE): 1048576:1048576
2023/06/18 07:19:38 [notice] 1#1: start worker processes
2023/06/18 07:19:38 [notice] 1#1: start worker process 31
2023/06/18 07:19:38 [notice] 1#1: start worker process 32
2023/06/18 07:20:52 [error] 32#32: *1 open() "/usr/share/nginx/html/index.php" failed (2: No such file or directory), client: 172.21.0.1, server: localhost, request: "GET /index.php HTTP/1.1", host: "localhost"
2023/06/18 07:22:12 [error] 32#32: *2 open() "/usr/share/nginx/html/favicon.ico" failed (2: No such file or directory), client: 172.21.0.1, server: localhost, request: "GET /favicon.ico HTTP/1.1", host: "localhost", referrer: "http://localhost/"
2023/06/18 07:25:54 [error] 32#32: *4 open() "/usr/share/nginx/html/favicon.ico" failed (2: No such file or directory), client: 172.21.0.1, server: localhost, request: "GET /favicon.ico HTTP/1.1", host: "localhost", referrer: "http://localhost/"
2023/06/18 07:31:46 [notice] 1#1: signal 3 (SIGQUIT) received, shutting down
2023/06/18 07:31:46 [notice] 32#32: gracefully shutting down
2023/06/18 07:31:46 [notice] 31#31: gracefully shutting down
2023/06/18 07:31:46 [notice] 31#31: exiting
2023/06/18 07:31:46 [notice] 32#32: exiting
2023/06/18 07:31:46 [notice] 31#31: exit
2023/06/18 07:31:46 [notice] 32#32: exit
2023/06/18 07:31:46 [notice] 1#1: signal 17 (SIGCHLD) received from 31
2023/06/18 07:31:46 [notice] 1#1: worker process 31 exited with code 0
2023/06/18 07:31:46 [notice] 1#1: worker process 32 exited with code 0
2023/06/18 07:31:46 [notice] 1#1: exit
2023/06/18 07:31:54 [notice] 1#1: using the "epoll" event method
2023/06/18 07:31:54 [notice] 1#1: nginx/1.20.2
2023/06/18 07:31:54 [notice] 1#1: built by gcc 10.2.1 20210110 (Debian 10.2.1-6) 
2023/06/18 07:31:54 [notice] 1#1: OS: Linux 5.15.49-linuxkit-pr
2023/06/18 07:31:54 [notice] 1#1: getrlimit(RLIMIT_NOFILE): 1048576:1048576
2023/06/18 07:31:54 [notice] 1#1: start worker processes
2023/06/18 07:31:54 [notice] 1#1: start worker process 31
2023/06/18 07:31:54 [notice] 1#1: start worker process 32
2023/06/18 07:34:46 [error] 32#32: *1 open() "/usr/share/nginx/html/favicon.ico" failed (2: No such file or directory), client: 172.22.0.1, server: localhost, request: "GET /favicon.ico HTTP/1.1", host: "localhost", referrer: "http://localhost/"
2023/06/18 07:37:48 [notice] 1#1: signal 3 (SIGQUIT) received, shutting down
2023/06/18 07:37:48 [notice] 31#31: gracefully shutting down
2023/06/18 07:37:48 [notice] 32#32: gracefully shutting down
2023/06/18 07:37:48 [notice] 31#31: exiting
2023/06/18 07:37:48 [notice] 31#31: exit
2023/06/18 07:37:48 [notice] 32#32: exiting
2023/06/18 07:37:48 [notice] 32#32: exit
2023/06/18 07:37:48 [notice] 1#1: signal 17 (SIGCHLD) received from 31
2023/06/18 07:37:48 [notice] 1#1: worker process 31 exited with code 0
2023/06/18 07:37:48 [notice] 1#1: signal 29 (SIGIO) received
2023/06/18 07:37:48 [notice] 1#1: signal 17 (SIGCHLD) received from 32
2023/06/18 07:37:48 [notice] 1#1: worker process 32 exited with code 0
2023/06/18 07:37:48 [notice] 1#1: exit
2023/06/18 07:37:49 [notice] 1#1: using the "epoll" event method
2023/06/18 07:37:49 [notice] 1#1: nginx/1.20.2
2023/06/18 07:37:49 [notice] 1#1: built by gcc 10.2.1 20210110 (Debian 10.2.1-6) 
2023/06/18 07:37:49 [notice] 1#1: OS: Linux 5.15.49-linuxkit-pr
2023/06/18 07:37:49 [notice] 1#1: getrlimit(RLIMIT_NOFILE): 1048576:1048576
2023/06/18 07:37:49 [notice] 1#1: start worker processes
2023/06/18 07:37:49 [notice] 1#1: start worker process 24
2023/06/18 07:37:49 [notice] 1#1: start worker process 25
2023/06/18 07:37:57 [error] 24#24: *1 open() "/usr/share/nginx/html/favicon.ico" failed (2: No such file or directory), client: 172.22.0.1, server: localhost, request: "GET /favicon.ico HTTP/1.1", host: "localhost", referrer: "http://localhost/"
2023/06/18 07:40:10 [notice] 1#1: signal 3 (SIGQUIT) received, shutting down
2023/06/18 07:40:10 [notice] 25#25: gracefully shutting down
2023/06/18 07:40:10 [notice] 25#25: exiting
2023/06/18 07:40:10 [notice] 24#24: gracefully shutting down
2023/06/18 07:40:10 [notice] 25#25: exit
2023/06/18 07:40:10 [notice] 24#24: exiting
2023/06/18 07:40:10 [notice] 24#24: exit
2023/06/18 07:40:10 [notice] 1#1: signal 17 (SIGCHLD) received from 25
2023/06/18 07:40:10 [notice] 1#1: worker process 24 exited with code 0
2023/06/18 07:40:10 [notice] 1#1: worker process 25 exited with code 0
2023/06/18 07:40:10 [notice] 1#1: exit
2023/06/18 07:41:18 [notice] 1#1: using the "epoll" event method
2023/06/18 07:41:18 [notice] 1#1: nginx/1.20.2
2023/06/18 07:41:18 [notice] 1#1: built by gcc 10.2.1 20210110 (Debian 10.2.1-6) 
2023/06/18 07:41:18 [notice] 1#1: OS: Linux 5.15.49-linuxkit-pr
2023/06/18 07:41:18 [notice] 1#1: getrlimit(RLIMIT_NOFILE): 1048576:1048576
2023/06/18 07:41:18 [notice] 1#1: start worker processes
2023/06/18 07:41:18 [notice] 1#1: start worker process 31
2023/06/18 07:41:18 [notice] 1#1: start worker process 32
2023/06/18 07:46:31 [notice] 1#1: signal 3 (SIGQUIT) received, shutting down
2023/06/18 07:46:31 [notice] 31#31: gracefully shutting down
2023/06/18 07:46:31 [notice] 31#31: exiting
2023/06/18 07:46:31 [notice] 32#32: gracefully shutting down
2023/06/18 07:46:31 [notice] 31#31: exit
2023/06/18 07:46:31 [notice] 32#32: exiting
2023/06/18 07:46:31 [notice] 32#32: exit
2023/06/18 07:46:31 [notice] 1#1: signal 17 (SIGCHLD) received from 31
2023/06/18 07:46:31 [notice] 1#1: worker process 31 exited with code 0
2023/06/18 07:46:31 [notice] 1#1: signal 29 (SIGIO) received
2023/06/18 07:46:31 [notice] 1#1: signal 17 (SIGCHLD) received from 32
2023/06/18 07:46:31 [notice] 1#1: worker process 32 exited with code 0
2023/06/18 07:46:31 [notice] 1#1: exit
2023/06/18 07:47:34 [notice] 1#1: using the "epoll" event method
2023/06/18 07:47:34 [notice] 1#1: nginx/1.20.2
2023/06/18 07:47:34 [notice] 1#1: built by gcc 10.2.1 20210110 (Debian 10.2.1-6) 
2023/06/18 07:47:34 [notice] 1#1: OS: Linux 5.15.49-linuxkit-pr
2023/06/18 07:47:34 [notice] 1#1: getrlimit(RLIMIT_NOFILE): 1048576:1048576
2023/06/18 07:47:34 [notice] 1#1: start worker processes
2023/06/18 07:47:34 [notice] 1#1: start worker process 30
2023/06/18 07:47:34 [notice] 1#1: start worker process 31
2023/06/18 08:04:06 [error] 30#30: *10 open() "/var/www/html/api" failed (2: No such file or directory), client: 172.24.0.1, server: localhost, request: "GET /api HTTP/1.1", host: "localhost"
2023/06/18 08:27:47 [notice] 1#1: signal 3 (SIGQUIT) received, shutting down
2023/06/18 08:27:47 [notice] 31#31: gracefully shutting down
2023/06/18 08:27:47 [notice] 31#31: exiting
2023/06/18 08:27:47 [notice] 30#30: gracefully shutting down
2023/06/18 08:27:47 [notice] 31#31: exit
2023/06/18 08:27:47 [notice] 30#30: exiting
2023/06/18 08:27:47 [notice] 30#30: exit
2023/06/18 08:27:47 [notice] 1#1: signal 17 (SIGCHLD) received from 31
2023/06/18 08:27:47 [notice] 1#1: worker process 30 exited with code 0
2023/06/18 08:27:47 [notice] 1#1: worker process 31 exited with code 0
2023/06/18 08:27:47 [notice] 1#1: exit
2023/06/18 08:31:31 [notice] 1#1: using the "epoll" event method
2023/06/18 08:31:31 [notice] 1#1: nginx/1.20.2
2023/06/18 08:31:31 [notice] 1#1: built by gcc 10.2.1 20210110 (Debian 10.2.1-6) 
2023/06/18 08:31:31 [notice] 1#1: OS: Linux 5.15.49-linuxkit-pr
2023/06/18 08:31:31 [notice] 1#1: getrlimit(RLIMIT_NOFILE): 1048576:1048576
2023/06/18 08:31:31 [notice] 1#1: start worker processes
2023/06/18 08:31:31 [notice] 1#1: start worker process 30
2023/06/18 08:31:31 [notice] 1#1: start worker process 31
2023/06/18 08:32:52 [error] 30#30: *1 open() "/var/www/html/api/node/1" failed (2: No such file or directory), client: 172.25.0.1, server: localhost, request: "GET /api/node/1 HTTP/1.1", host: "localhost"
2023/06/18 08:41:07 [notice] 1#1: signal 3 (SIGQUIT) received, shutting down
2023/06/18 08:41:07 [notice] 31#31: gracefully shutting down
2023/06/18 08:41:07 [notice] 31#31: exiting
2023/06/18 08:41:07 [notice] 30#30: gracefully shutting down
2023/06/18 08:41:07 [notice] 31#31: exit
2023/06/18 08:41:07 [notice] 30#30: exiting
2023/06/18 08:41:07 [notice] 30#30: exit
2023/06/18 08:41:07 [notice] 1#1: signal 17 (SIGCHLD) received from 31
2023/06/18 08:41:07 [notice] 1#1: worker process 31 exited with code 0
2023/06/18 08:41:07 [notice] 1#1: signal 29 (SIGIO) received
2023/06/18 08:41:07 [notice] 1#1: signal 17 (SIGCHLD) received from 30
2023/06/18 08:41:07 [notice] 1#1: worker process 30 exited with code 0
2023/06/18 08:41:07 [notice] 1#1: exit
2023/06/18 08:42:02 [notice] 1#1: using the "epoll" event method
2023/06/18 08:42:02 [notice] 1#1: nginx/1.20.2
2023/06/18 08:42:02 [notice] 1#1: built by gcc 10.2.1 20210110 (Debian 10.2.1-6) 
2023/06/18 08:42:02 [notice] 1#1: OS: Linux 5.15.49-linuxkit-pr
2023/06/18 08:42:02 [notice] 1#1: getrlimit(RLIMIT_NOFILE): 1048576:1048576
2023/06/18 08:42:02 [notice] 1#1: start worker processes
2023/06/18 08:42:02 [notice] 1#1: start worker process 30
2023/06/18 08:42:02 [notice] 1#1: start worker process 31
2023/06/18 08:44:33 [notice] 1#1: signal 3 (SIGQUIT) received, shutting down
2023/06/18 08:44:33 [notice] 30#30: gracefully shutting down
2023/06/18 08:44:33 [notice] 30#30: exiting
2023/06/18 08:44:33 [notice] 31#31: gracefully shutting down
2023/06/18 08:44:33 [notice] 30#30: exit
2023/06/18 08:44:33 [notice] 31#31: exiting
2023/06/18 08:44:33 [notice] 31#31: exit
2023/06/18 08:44:33 [notice] 1#1: signal 17 (SIGCHLD) received from 30
2023/06/18 08:44:33 [notice] 1#1: worker process 30 exited with code 0
2023/06/18 08:44:33 [notice] 1#1: signal 29 (SIGIO) received
2023/06/18 08:44:33 [notice] 1#1: signal 17 (SIGCHLD) received from 31
2023/06/18 08:44:33 [notice] 1#1: worker process 31 exited with code 0
2023/06/18 08:44:33 [notice] 1#1: exit
2023/06/18 08:45:21 [notice] 1#1: using the "epoll" event method
2023/06/18 08:45:21 [notice] 1#1: nginx/1.20.2
2023/06/18 08:45:21 [notice] 1#1: built by gcc 10.2.1 20210110 (Debian 10.2.1-6) 
2023/06/18 08:45:21 [notice] 1#1: OS: Linux 5.15.49-linuxkit-pr
2023/06/18 08:45:21 [notice] 1#1: getrlimit(RLIMIT_NOFILE): 1048576:1048576
2023/06/18 08:45:21 [notice] 1#1: start worker processes
2023/06/18 08:45:21 [notice] 1#1: start worker process 31
2023/06/18 08:45:21 [notice] 1#1: start worker process 32
2023/06/18 08:45:38 [error] 31#31: *1 open() "/var/www/html/api/node" failed (2: No such file or directory), client: 172.29.0.1, server: localhost, request: "GET /api/node HTTP/1.1", host: "localhost"
2023/06/18 08:46:21 [notice] 1#1: using the "epoll" event method
2023/06/18 08:46:21 [notice] 1#1: nginx/1.20.2
2023/06/18 08:46:21 [notice] 1#1: built by gcc 10.2.1 20210110 (Debian 10.2.1-6) 
2023/06/18 08:46:21 [notice] 1#1: OS: Linux 5.15.49-linuxkit-pr
2023/06/18 08:46:21 [notice] 1#1: getrlimit(RLIMIT_NOFILE): 1048576:1048576
2023/06/18 08:46:21 [notice] 1#1: start worker processes
2023/06/18 08:46:21 [notice] 1#1: start worker process 30
2023/06/18 08:46:21 [notice] 1#1: start worker process 31
2023/06/18 08:47:10 [notice] 1#1: signal 3 (SIGQUIT) received, shutting down
2023/06/18 08:47:10 [notice] 30#30: gracefully shutting down
2023/06/18 08:47:10 [notice] 30#30: exiting
2023/06/18 08:47:10 [notice] 31#31: gracefully shutting down
2023/06/18 08:47:10 [notice] 31#31: exiting
2023/06/18 08:47:10 [notice] 30#30: exit
2023/06/18 08:47:10 [notice] 31#31: exit
2023/06/18 08:47:10 [notice] 1#1: signal 17 (SIGCHLD) received from 30
2023/06/18 08:47:10 [notice] 1#1: worker process 30 exited with code 0
2023/06/18 08:47:10 [notice] 1#1: signal 29 (SIGIO) received
2023/06/18 08:47:10 [notice] 1#1: signal 17 (SIGCHLD) received from 31
2023/06/18 08:47:10 [notice] 1#1: worker process 31 exited with code 0
2023/06/18 08:47:10 [notice] 1#1: exit
2023/06/18 08:47:10 [notice] 1#1: using the "epoll" event method
2023/06/18 08:47:10 [notice] 1#1: nginx/1.20.2
2023/06/18 08:47:10 [notice] 1#1: built by gcc 10.2.1 20210110 (Debian 10.2.1-6) 
2023/06/18 08:47:10 [notice] 1#1: OS: Linux 5.15.49-linuxkit-pr
2023/06/18 08:47:10 [notice] 1#1: getrlimit(RLIMIT_NOFILE): 1048576:1048576
2023/06/18 08:47:10 [notice] 1#1: start worker processes
2023/06/18 08:47:10 [notice] 1#1: start worker process 30
2023/06/18 08:47:10 [notice] 1#1: start worker process 31
2023/06/18 08:47:47 [notice] 1#1: using the "epoll" event method
2023/06/18 08:47:47 [notice] 1#1: nginx/1.20.2
2023/06/18 08:47:47 [notice] 1#1: built by gcc 10.2.1 20210110 (Debian 10.2.1-6) 
2023/06/18 08:47:47 [notice] 1#1: OS: Linux 5.15.49-linuxkit-pr
2023/06/18 08:47:47 [notice] 1#1: getrlimit(RLIMIT_NOFILE): 1048576:1048576
2023/06/18 08:47:47 [notice] 1#1: start worker processes
2023/06/18 08:47:47 [notice] 1#1: start worker process 30
2023/06/18 08:47:47 [notice] 1#1: start worker process 31
2023/06/18 08:48:04 [error] 30#30: *1 rewrite or internal redirection cycle while internally redirecting to "/api/api.php", client: 172.29.0.1, server: localhost, request: "GET /api/node HTTP/1.1", host: "localhost"
2023/06/18 08:49:06 [notice] 1#1: signal 3 (SIGQUIT) received, shutting down
2023/06/18 08:49:06 [notice] 31#31: gracefully shutting down
2023/06/18 08:49:06 [notice] 31#31: exiting
2023/06/18 08:49:06 [notice] 30#30: gracefully shutting down
2023/06/18 08:49:06 [notice] 31#31: exit
2023/06/18 08:49:06 [notice] 30#30: exiting
2023/06/18 08:49:06 [notice] 30#30: exit
2023/06/18 08:49:06 [notice] 1#1: signal 17 (SIGCHLD) received from 31
2023/06/18 08:49:06 [notice] 1#1: worker process 31 exited with code 0
2023/06/18 08:49:06 [notice] 1#1: signal 29 (SIGIO) received
2023/06/18 08:49:06 [notice] 1#1: signal 17 (SIGCHLD) received from 30
2023/06/18 08:49:06 [notice] 1#1: worker process 30 exited with code 0
2023/06/18 08:49:06 [notice] 1#1: exit
2023/06/18 08:49:26 [notice] 1#1: using the "epoll" event method
2023/06/18 08:49:26 [notice] 1#1: nginx/1.20.2
2023/06/18 08:49:26 [notice] 1#1: built by gcc 10.2.1 20210110 (Debian 10.2.1-6) 
2023/06/18 08:49:26 [notice] 1#1: OS: Linux 5.15.49-linuxkit-pr
2023/06/18 08:49:26 [notice] 1#1: getrlimit(RLIMIT_NOFILE): 1048576:1048576
2023/06/18 08:49:26 [notice] 1#1: start worker processes
2023/06/18 08:49:26 [notice] 1#1: start worker process 29
2023/06/18 08:49:26 [notice] 1#1: start worker process 30
2023/06/18 08:49:27 [error] 29#29: *1 open() "/var/www/html/api/node" failed (2: No such file or directory), client: 172.29.0.1, server: localhost, request: "GET /api/node HTTP/1.1", host: "localhost"
2023/06/18 08:49:28 [error] 29#29: *1 open() "/var/www/html/favicon.ico" failed (2: No such file or directory), client: 172.29.0.1, server: localhost, request: "GET /favicon.ico HTTP/1.1", host: "localhost", referrer: "http://localhost/api/node"
2023/06/18 08:49:28 [error] 29#29: *1 open() "/var/www/html/api/node" failed (2: No such file or directory), client: 172.29.0.1, server: localhost, request: "GET /api/node HTTP/1.1", host: "localhost"
2023/06/18 08:49:29 [error] 29#29: *1 open() "/var/www/html/favicon.ico" failed (2: No such file or directory), client: 172.29.0.1, server: localhost, request: "GET /favicon.ico HTTP/1.1", host: "localhost", referrer: "http://localhost/api/node"
2023/06/18 08:49:38 [error] 29#29: *1 open() "/var/www/html/api/v0" failed (2: No such file or directory), client: 172.29.0.1, server: localhost, request: "GET /api/v0 HTTP/1.1", host: "localhost"
2023/06/18 08:52:21 [notice] 1#1: using the "epoll" event method
2023/06/18 08:52:21 [notice] 1#1: nginx/1.20.2
2023/06/18 08:52:21 [notice] 1#1: built by gcc 10.2.1 20210110 (Debian 10.2.1-6) 
2023/06/18 08:52:21 [notice] 1#1: OS: Linux 5.15.49-linuxkit-pr
2023/06/18 08:52:21 [notice] 1#1: getrlimit(RLIMIT_NOFILE): 1048576:1048576
2023/06/18 08:52:21 [notice] 1#1: start worker processes
2023/06/18 08:52:21 [notice] 1#1: start worker process 30
2023/06/18 08:52:21 [notice] 1#1: start worker process 31
2023/06/18 08:55:58 [notice] 1#1: using the "epoll" event method
2023/06/18 08:55:58 [notice] 1#1: nginx/1.20.2
2023/06/18 08:55:58 [notice] 1#1: built by gcc 10.2.1 20210110 (Debian 10.2.1-6) 
2023/06/18 08:55:58 [notice] 1#1: OS: Linux 5.15.49-linuxkit-pr
2023/06/18 08:55:58 [notice] 1#1: getrlimit(RLIMIT_NOFILE): 1048576:1048576
2023/06/18 08:55:58 [notice] 1#1: start worker processes
2023/06/18 08:55:58 [notice] 1#1: start worker process 29
2023/06/18 08:55:58 [notice] 1#1: start worker process 30
2023/06/18 08:58:46 [notice] 1#1: using the "epoll" event method
2023/06/18 08:58:46 [notice] 1#1: nginx/1.20.2
2023/06/18 08:58:46 [notice] 1#1: built by gcc 10.2.1 20210110 (Debian 10.2.1-6) 
2023/06/18 08:58:46 [notice] 1#1: OS: Linux 5.15.49-linuxkit-pr
2023/06/18 08:58:46 [notice] 1#1: getrlimit(RLIMIT_NOFILE): 1048576:1048576
2023/06/18 08:58:46 [notice] 1#1: start worker processes
2023/06/18 08:58:46 [notice] 1#1: start worker process 30
2023/06/18 08:58:46 [notice] 1#1: start worker process 31
2023/06/18 09:17:10 [emerg] 1#1: unexpected ";" in /etc/nginx/conf.d/default.conf:22
2023/06/18 09:17:45 [emerg] 1#1: unexpected ";" in /etc/nginx/conf.d/default.conf:22
2023/06/18 09:17:48 [emerg] 1#1: unexpected ";" in /etc/nginx/conf.d/default.conf:22
2023/06/18 09:18:02 [notice] 1#1: using the "epoll" event method
2023/06/18 09:18:02 [notice] 1#1: nginx/1.20.2
2023/06/18 09:18:02 [notice] 1#1: built by gcc 10.2.1 20210110 (Debian 10.2.1-6) 
2023/06/18 09:18:02 [notice] 1#1: OS: Linux 5.15.49-linuxkit-pr
2023/06/18 09:18:02 [notice] 1#1: getrlimit(RLIMIT_NOFILE): 1048576:1048576
2023/06/18 09:18:02 [notice] 1#1: start worker processes
2023/06/18 09:18:02 [notice] 1#1: start worker process 30
2023/06/18 09:18:02 [notice] 1#1: start worker process 31
2023/06/18 09:20:18 [notice] 1#1: using the "epoll" event method
2023/06/18 09:20:18 [notice] 1#1: nginx/1.20.2
2023/06/18 09:20:18 [notice] 1#1: built by gcc 10.2.1 20210110 (Debian 10.2.1-6) 
2023/06/18 09:20:18 [notice] 1#1: OS: Linux 5.15.49-linuxkit-pr
2023/06/18 09:20:18 [notice] 1#1: getrlimit(RLIMIT_NOFILE): 1048576:1048576
2023/06/18 09:20:18 [notice] 1#1: start worker processes
2023/06/18 09:20:18 [notice] 1#1: start worker process 30
2023/06/18 09:20:18 [notice] 1#1: start worker process 31
2023/06/18 20:51:13 [notice] 1#1: signal 3 (SIGQUIT) received, shutting down
2023/06/18 20:51:13 [notice] 31#31: gracefully shutting down
2023/06/18 20:51:13 [notice] 31#31: exiting
2023/06/18 20:51:13 [notice] 30#30: gracefully shutting down
2023/06/18 20:51:13 [notice] 31#31: exit
2023/06/18 20:51:13 [notice] 30#30: exiting
2023/06/18 20:51:13 [notice] 30#30: exit
2023/06/18 20:51:13 [notice] 1#1: signal 17 (SIGCHLD) received from 30
2023/06/18 20:51:13 [notice] 1#1: worker process 30 exited with code 0
2023/06/18 20:51:13 [notice] 1#1: worker process 31 exited with code 0
2023/06/18 20:51:13 [notice] 1#1: exit
2023/06/19 12:25:44 [notice] 1#1: using the "epoll" event method
2023/06/19 12:25:44 [notice] 1#1: nginx/1.20.2
2023/06/19 12:25:44 [notice] 1#1: built by gcc 10.2.1 20210110 (Debian 10.2.1-6) 
2023/06/19 12:25:44 [notice] 1#1: OS: Linux 5.15.49-linuxkit-pr
2023/06/19 12:25:44 [notice] 1#1: getrlimit(RLIMIT_NOFILE): 1048576:1048576
2023/06/19 12:25:44 [notice] 1#1: start worker processes
2023/06/19 12:25:44 [notice] 1#1: start worker process 30
2023/06/19 12:25:44 [notice] 1#1: start worker process 31
2023/06/19 13:54:51 [error] 31#31: *9 open() "/var/www/html/wp-admin/images/spinner-2x.gif" failed (2: No such file or directory), client: 172.29.0.1, server: localhost, request: "GET /wp-admin/images/spinner-2x.gif HTTP/1.1", host: "wp.coursy.localhost", referrer: "http://wp.coursy.localhost/wp-admin/css/common.css"
2023/06/19 13:54:51 [error] 30#30: *8 open() "/var/www/html/wp-content/plugins/sitepress-multilingual-cms/lib/select2/wpml_select2x2.png" failed (2: No such file or directory), client: 172.29.0.1, server: localhost, request: "GET /wp-content/plugins/sitepress-multilingual-cms/lib/select2/wpml_select2x2.png HTTP/1.1", host: "wp.coursy.localhost", referrer: "http://wp.coursy.localhost/wp-content/plugins/sitepress-multilingual-cms/lib/select2/select2.css"
2023/06/20 06:47:50 [notice] 1#1: signal 3 (SIGQUIT) received, shutting down
2023/06/20 06:47:50 [notice] 30#30: gracefully shutting down
2023/06/20 06:47:50 [notice] 31#31: gracefully shutting down
2023/06/20 06:47:50 [notice] 31#31: exiting
2023/06/20 06:47:50 [notice] 31#31: exit
2023/06/20 06:47:50 [notice] 1#1: signal 17 (SIGCHLD) received from 31
2023/06/20 06:47:50 [notice] 1#1: worker process 31 exited with code 0
2023/06/20 06:47:50 [notice] 1#1: signal 29 (SIGIO) received
2023/06/20 06:47:58 [notice] 30#30: exiting
2023/06/20 06:47:58 [notice] 30#30: exit
2023/06/20 06:47:58 [notice] 1#1: signal 17 (SIGCHLD) received from 30
2023/06/20 06:47:58 [notice] 1#1: worker process 30 exited with code 0
2023/06/20 06:47:58 [notice] 1#1: exit
2023/06/25 09:47:34 [notice] 1#1: using the "epoll" event method
2023/06/25 09:47:34 [notice] 1#1: nginx/1.20.2
2023/06/25 09:47:34 [notice] 1#1: built by gcc 10.2.1 20210110 (Debian 10.2.1-6) 
2023/06/25 09:47:34 [notice] 1#1: OS: Linux 5.15.49-linuxkit-pr
2023/06/25 09:47:34 [notice] 1#1: getrlimit(RLIMIT_NOFILE): 1048576:1048576
2023/06/25 09:47:34 [notice] 1#1: start worker processes
2023/06/25 09:47:34 [notice] 1#1: start worker process 30
2023/06/25 09:47:34 [notice] 1#1: start worker process 31
2023/06/25 09:47:44 [error] 30#30: *1 directory index of "/var/www/html/" is forbidden, client: 172.29.0.1, server: localhost, request: "GET / HTTP/1.1", host: "localhost"
2023/06/25 09:47:44 [error] 30#30: *1 open() "/var/www/html/favicon.ico" failed (2: No such file or directory), client: 172.29.0.1, server: localhost, request: "GET /favicon.ico HTTP/1.1", host: "localhost", referrer: "http://localhost/"
2023/06/25 09:48:08 [notice] 1#1: signal 3 (SIGQUIT) received, shutting down
2023/06/25 09:48:08 [notice] 30#30: gracefully shutting down
2023/06/25 09:48:08 [notice] 31#31: gracefully shutting down
2023/06/25 09:48:08 [notice] 31#31: exiting
2023/06/25 09:48:08 [notice] 30#30: exiting
2023/06/25 09:48:08 [notice] 31#31: exit
2023/06/25 09:48:08 [notice] 30#30: exit
2023/06/25 09:48:08 [notice] 1#1: signal 17 (SIGCHLD) received from 31
2023/06/25 09:48:08 [notice] 1#1: worker process 30 exited with code 0
2023/06/25 09:48:08 [notice] 1#1: worker process 31 exited with code 0
2023/06/25 09:48:08 [notice] 1#1: exit
2023/06/25 09:49:28 [notice] 1#1: using the "epoll" event method
2023/06/25 09:49:28 [notice] 1#1: nginx/1.20.2
2023/06/25 09:49:28 [notice] 1#1: built by gcc 10.2.1 20210110 (Debian 10.2.1-6) 
2023/06/25 09:49:28 [notice] 1#1: OS: Linux 5.15.49-linuxkit-pr
2023/06/25 09:49:28 [notice] 1#1: getrlimit(RLIMIT_NOFILE): 1048576:1048576
2023/06/25 09:49:28 [notice] 1#1: start worker processes
2023/06/25 09:49:28 [notice] 1#1: start worker process 30
2023/06/25 09:49:28 [notice] 1#1: start worker process 31
2023/06/25 09:51:51 [notice] 1#1: signal 3 (SIGQUIT) received, shutting down
2023/06/25 09:51:51 [notice] 31#31: gracefully shutting down
2023/06/25 09:51:51 [notice] 31#31: exiting
2023/06/25 09:51:51 [notice] 30#30: gracefully shutting down
2023/06/25 09:51:51 [notice] 31#31: exit
2023/06/25 09:51:51 [notice] 30#30: exiting
2023/06/25 09:51:51 [notice] 30#30: exit
2023/06/25 09:51:51 [notice] 1#1: signal 17 (SIGCHLD) received from 31
2023/06/25 09:51:51 [notice] 1#1: worker process 31 exited with code 0
2023/06/25 09:51:51 [notice] 1#1: signal 29 (SIGIO) received
2023/06/25 09:51:51 [notice] 1#1: signal 17 (SIGCHLD) received from 30
2023/06/25 09:51:51 [notice] 1#1: worker process 30 exited with code 0
2023/06/25 09:51:51 [notice] 1#1: exit
2023/06/25 09:52:04 [notice] 1#1: using the "epoll" event method
2023/06/25 09:52:04 [notice] 1#1: nginx/1.20.2
2023/06/25 09:52:04 [notice] 1#1: built by gcc 10.2.1 20210110 (Debian 10.2.1-6) 
2023/06/25 09:52:04 [notice] 1#1: OS: Linux 5.15.49-linuxkit-pr
2023/06/25 09:52:04 [notice] 1#1: getrlimit(RLIMIT_NOFILE): 1048576:1048576
2023/06/25 09:52:04 [notice] 1#1: start worker processes
2023/06/25 09:52:04 [notice] 1#1: start worker process 30
2023/06/25 09:52:04 [notice] 1#1: start worker process 31
2023/06/25 09:57:22 [notice] 1#1: using the "epoll" event method
2023/06/25 09:57:22 [notice] 1#1: nginx/1.20.2
2023/06/25 09:57:22 [notice] 1#1: built by gcc 10.2.1 20210110 (Debian 10.2.1-6) 
2023/06/25 09:57:22 [notice] 1#1: OS: Linux 5.15.49-linuxkit-pr
2023/06/25 09:57:22 [notice] 1#1: getrlimit(RLIMIT_NOFILE): 1048576:1048576
2023/06/25 09:57:22 [notice] 1#1: start worker processes
2023/06/25 09:57:22 [notice] 1#1: start worker process 31
2023/06/25 09:57:22 [notice] 1#1: start worker process 32
2023/06/25 09:58:18 [error] 31#31: *1 open() "/var/www/html/favicon.ico" failed (2: No such file or directory), client: 172.18.0.1, server: localhost, request: "GET /favicon.ico HTTP/1.1", host: "localhost", referrer: "http://localhost/api/"
2023/06/25 10:02:39 [notice] 1#1: using the "epoll" event method
2023/06/25 10:02:39 [notice] 1#1: nginx/1.20.2
2023/06/25 10:02:39 [notice] 1#1: built by gcc 10.2.1 20210110 (Debian 10.2.1-6) 
2023/06/25 10:02:39 [notice] 1#1: OS: Linux 5.15.49-linuxkit-pr
2023/06/25 10:02:39 [notice] 1#1: getrlimit(RLIMIT_NOFILE): 1048576:1048576
2023/06/25 10:02:39 [notice] 1#1: start worker processes
2023/06/25 10:02:39 [notice] 1#1: start worker process 30
2023/06/25 10:02:39 [notice] 1#1: start worker process 31
2023/06/25 10:05:48 [emerg] 1#1: unknown directive "more_set_headers" in /etc/nginx/conf.d/default.conf:11
2023/06/25 10:06:25 [emerg] 1#1: unknown directive "more_set_headers" in /etc/nginx/conf.d/default.conf:11
2023/06/25 10:07:26 [emerg] 1#1: invalid number of arguments in "add_header" directive in /etc/nginx/conf.d/default.conf:11
2023/06/25 10:08:37 [emerg] 1#1: invalid number of arguments in "add_header" directive in /etc/nginx/conf.d/default.conf:12
2023/06/25 10:09:08 [emerg] 1#1: invalid number of arguments in "add_header" directive in /etc/nginx/conf.d/default.conf:12
2023/06/25 10:09:48 [emerg] 1#1: invalid number of arguments in "add_header" directive in /etc/nginx/conf.d/default.conf:12
2023/06/25 10:09:54 [emerg] 1#1: invalid number of arguments in "add_header" directive in /etc/nginx/conf.d/default.conf:12
2023/06/25 10:10:27 [emerg] 1#1: invalid number of arguments in "add_header" directive in /etc/nginx/conf.d/default.conf:12
2023/06/25 10:10:40 [emerg] 1#1: invalid number of arguments in "add_header" directive in /etc/nginx/conf.d/default.conf:12
2023/06/25 10:10:57 [emerg] 1#1: invalid number of arguments in "add_header" directive in /etc/nginx/conf.d/default.conf:12
2023/06/25 10:11:20 [emerg] 1#1: invalid number of arguments in "add_header" directive in /etc/nginx/conf.d/default.conf:12
2023/06/25 10:11:31 [emerg] 1#1: invalid number of arguments in "add_header" directive in /etc/nginx/conf.d/default.conf:12
2023/06/25 10:11:51 [notice] 1#1: using the "epoll" event method
2023/06/25 10:11:51 [notice] 1#1: nginx/1.20.2
2023/06/25 10:11:51 [notice] 1#1: built by gcc 10.2.1 20210110 (Debian 10.2.1-6) 
2023/06/25 10:11:51 [notice] 1#1: OS: Linux 5.15.49-linuxkit-pr
2023/06/25 10:11:51 [notice] 1#1: getrlimit(RLIMIT_NOFILE): 1048576:1048576
2023/06/25 10:11:51 [notice] 1#1: start worker processes
2023/06/25 10:11:51 [notice] 1#1: start worker process 30
2023/06/25 10:11:51 [notice] 1#1: start worker process 31
2023/06/25 10:17:04 [error] 30#30: *2 open() "/var/www/html/favicon.ico" failed (2: No such file or directory), client: 172.18.0.1, server: localhost, request: "GET /favicon.ico HTTP/1.1", host: "localhost", referrer: "http://localhost/api/node/1"
2023/06/25 10:25:40 [notice] 1#1: using the "epoll" event method
2023/06/25 10:25:40 [notice] 1#1: nginx/1.20.2
2023/06/25 10:25:40 [notice] 1#1: built by gcc 10.2.1 20210110 (Debian 10.2.1-6) 
2023/06/25 10:25:40 [notice] 1#1: OS: Linux 5.15.49-linuxkit-pr
2023/06/25 10:25:40 [notice] 1#1: getrlimit(RLIMIT_NOFILE): 1048576:1048576
2023/06/25 10:25:40 [notice] 1#1: start worker processes
2023/06/25 10:25:40 [notice] 1#1: start worker process 30
2023/06/25 10:25:40 [notice] 1#1: start worker process 31
2023/06/25 10:37:41 [error] 30#30: *1 open() "/var/www/html/favicon.ico" failed (2: No such file or directory), client: 172.18.0.1, server: localhost, request: "GET /favicon.ico HTTP/1.1", host: "localhost", referrer: "http://localhost/api/node/1"
2023/06/25 10:38:23 [error] 30#30: *1 open() "/var/www/html/favicon.ico" failed (2: No such file or directory), client: 172.18.0.1, server: localhost, request: "GET /favicon.ico HTTP/1.1", host: "localhost", referrer: "http://localhost/api/node/1"
2023/06/25 10:38:34 [error] 30#30: *1 open() "/var/www/html/favicon.ico" failed (2: No such file or directory), client: 172.18.0.1, server: localhost, request: "GET /favicon.ico HTTP/1.1", host: "localhost", referrer: "http://localhost/api/node/1"
2023/06/25 10:39:28 [error] 30#30: *1 open() "/var/www/html/favicon.ico" failed (2: No such file or directory), client: 172.18.0.1, server: localhost, request: "GET /favicon.ico HTTP/1.1", host: "localhost", referrer: "http://localhost/api/node/1"
2023/06/25 10:39:29 [error] 30#30: *1 open() "/var/www/html/favicon.ico" failed (2: No such file or directory), client: 172.18.0.1, server: localhost, request: "GET /favicon.ico HTTP/1.1", host: "localhost", referrer: "http://localhost/api/node/1"
2023/06/25 10:43:48 [error] 30#30: *12 open() "/var/www/html/favicon.ico" failed (2: No such file or directory), client: 172.18.0.1, server: localhost, request: "GET /favicon.ico HTTP/1.1", host: "localhost", referrer: "http://localhost/api/node/1"
2023/06/25 10:45:17 [error] 30#30: *20 open() "/var/www/html/favicon.ico" failed (2: No such file or directory), client: 172.18.0.1, server: localhost, request: "GET /favicon.ico HTTP/1.1", host: "localhost", referrer: "http://localhost/api/node/1"
2023/06/25 10:49:32 [error] 30#30: *32 open() "/var/www/html/favicon.ico" failed (2: No such file or directory), client: 172.18.0.1, server: localhost, request: "GET /favicon.ico HTTP/1.1", host: "localhost", referrer: "http://localhost/api/node/1"
2023/06/25 15:34:07 [notice] 1#1: using the "epoll" event method
2023/06/25 15:34:07 [notice] 1#1: nginx/1.20.2
2023/06/25 15:34:07 [notice] 1#1: built by gcc 10.2.1 20210110 (Debian 10.2.1-6) 
2023/06/25 15:34:07 [notice] 1#1: OS: Linux 5.15.49-linuxkit-pr
2023/06/25 15:34:07 [notice] 1#1: getrlimit(RLIMIT_NOFILE): 1048576:1048576
2023/06/25 15:34:07 [notice] 1#1: start worker processes
2023/06/25 15:34:07 [notice] 1#1: start worker process 30
2023/06/25 15:34:07 [notice] 1#1: start worker process 31
2023/06/26 04:46:26 [notice] 1#1: signal 3 (SIGQUIT) received, shutting down
2023/06/26 04:46:26 [notice] 30#30: gracefully shutting down
2023/06/26 04:46:26 [notice] 31#31: gracefully shutting down
2023/06/26 04:46:26 [notice] 31#31: exiting
2023/06/26 04:46:26 [notice] 31#31: exit
2023/06/26 04:46:26 [notice] 30#30: exiting
2023/06/26 04:46:26 [notice] 30#30: exit
2023/06/26 04:46:26 [notice] 1#1: signal 17 (SIGCHLD) received from 31
2023/06/26 04:46:26 [notice] 1#1: worker process 30 exited with code 0
2023/06/26 04:46:26 [notice] 1#1: worker process 31 exited with code 0
2023/06/26 04:46:26 [notice] 1#1: exit
2023/06/26 04:56:12 [notice] 1#1: using the "epoll" event method
2023/06/26 04:56:12 [notice] 1#1: nginx/1.20.2
2023/06/26 04:56:12 [notice] 1#1: built by gcc 10.2.1 20210110 (Debian 10.2.1-6) 
2023/06/26 04:56:12 [notice] 1#1: OS: Linux 5.15.49-linuxkit-pr
2023/06/26 04:56:12 [notice] 1#1: getrlimit(RLIMIT_NOFILE): 1048576:1048576
2023/06/26 04:56:12 [notice] 1#1: start worker processes
2023/06/26 04:56:12 [notice] 1#1: start worker process 30
2023/06/26 04:56:12 [notice] 1#1: start worker process 31
2023/06/26 05:50:08 [notice] 1#1: signal 3 (SIGQUIT) received, shutting down
2023/06/26 05:50:08 [notice] 31#31: gracefully shutting down
2023/06/26 05:50:08 [notice] 30#30: gracefully shutting down
2023/06/26 05:50:08 [notice] 30#30: exiting
2023/06/26 05:50:08 [notice] 31#31: exiting
2023/06/26 05:50:08 [notice] 31#31: exit
2023/06/26 05:50:08 [notice] 30#30: exit
2023/06/26 05:50:08 [notice] 1#1: signal 17 (SIGCHLD) received from 30
2023/06/26 05:50:08 [notice] 1#1: worker process 30 exited with code 0
2023/06/26 05:50:08 [notice] 1#1: signal 29 (SIGIO) received
2023/06/26 05:50:08 [notice] 1#1: signal 17 (SIGCHLD) received from 31
2023/06/26 05:50:08 [notice] 1#1: worker process 31 exited with code 0
2023/06/26 05:50:08 [notice] 1#1: exit
2023/06/26 05:52:52 [notice] 1#1: using the "epoll" event method
2023/06/26 05:52:52 [notice] 1#1: nginx/1.20.2
2023/06/26 05:52:52 [notice] 1#1: built by gcc 10.2.1 20210110 (Debian 10.2.1-6) 
2023/06/26 05:52:52 [notice] 1#1: OS: Linux 5.15.49-linuxkit-pr
2023/06/26 05:52:52 [notice] 1#1: getrlimit(RLIMIT_NOFILE): 1048576:1048576
2023/06/26 05:52:52 [notice] 1#1: start worker processes
2023/06/26 05:52:52 [notice] 1#1: start worker process 30
2023/06/26 05:52:52 [notice] 1#1: start worker process 31
